TN:
SF:C:\Users\Alan\Desktop\vasster\pruebas\src\polyfills.ts
FNF:0
FNH:0
LF:0
LH:0
BRF:0
BRH:0
end_of_record
TN:
SF:C:\Users\Alan\Desktop\vasster\pruebas\src\test.ts
FNF:0
FNH:0
DA:13,1
DA:18,1
DA:20,1
LF:3
LH:3
BRF:0
BRH:0
end_of_record
TN:
SF:C:\Users\Alan\Desktop\vasster\pruebas\src\app\app.component.ts
FN:8,(anonymous_0)
FN:3,AppComponent
FNF:2
FNH:2
FNDA:1,(anonymous_0)
FNDA:3,AppComponent
DA:8,1
DA:9,3
DA:10,1
LF:3
LH:3
BRF:0
BRH:0
end_of_record
TN:
SF:C:\Users\Alan\Desktop\vasster\pruebas\src\app\basicas\arrays\arrays.ts
FN:1,getRobots
FNF:1
FNH:1
FNDA:2,getRobots
DA:2,2
LF:1
LH:1
BRF:0
BRH:0
end_of_record
TN:
SF:C:\Users\Alan\Desktop\vasster\pruebas\src\app\basicas\booleanos\booleanos.ts
FN:3,usuarioIngresado
FNF:1
FNH:1
FNDA:1,usuarioIngresado
DA:4,1
LF:1
LH:1
BRF:0
BRH:0
end_of_record
TN:
SF:C:\Users\Alan\Desktop\vasster\pruebas\src\app\basicas\class\class.ts
FN:3,(anonymous_0)
FN:7,Gamer
FN:11,(anonymous_2)
FNF:3
FNH:3
FNDA:1,(anonymous_0)
FNDA:3,Gamer
FNDA:2,(anonymous_2)
DA:3,1
DA:8,3
DA:11,1
DA:12,2
DA:13,1
DA:15,1
DA:18,2
DA:20,1
LF:8
LH:8
BRDA:12,0,0,1
BRDA:12,0,1,1
BRF:2
BRH:2
end_of_record
TN:
SF:C:\Users\Alan\Desktop\vasster\pruebas\src\app\basicas\numeros\numeros.ts
FN:3,incrementar
FNF:1
FNH:1
FNDA:2,incrementar
DA:4,2
DA:5,1
DA:7,1
LF:3
LH:3
BRDA:4,0,0,1
BRDA:4,0,1,1
BRF:2
BRH:2
end_of_record
TN:
SF:C:\Users\Alan\Desktop\vasster\pruebas\src\app\basicas\string\string.ts
FN:3,message
FNF:1
FNH:1
FNDA:2,message
DA:4,2
LF:1
LH:1
BRF:0
BRH:0
end_of_record
TN:
SF:C:\Users\Alan\Desktop\vasster\pruebas\src\app\middle\eventEmitter\gamer2.ts
FN:4,(anonymous_0)
FN:8,Gamer2
FN:12,(anonymous_2)
FNF:3
FNH:3
FNDA:1,(anonymous_0)
FNDA:2,Gamer2
FNDA:2,(anonymous_2)
DA:4,1
DA:7,2
DA:9,2
DA:12,1
DA:13,2
DA:14,1
DA:16,1
DA:19,2
DA:21,1
LF:9
LH:9
BRDA:13,0,0,1
BRDA:13,0,1,1
BRF:2
BRH:2
end_of_record
